Using pre-set license
Built from '2020.2/release' branch; Version is '2020.2.1f1 (270dd8c3da1c) revision 2559448'; Using compiler version '192528614'; Build Type 'Release'
OS: 'Windows 10  (10.0.0) 64bit' Language: 'en' Physical Memory: 8066 MB
BatchMode: 1, IsHumanControllingUs: 0, StartBugReporterOnCrash: 0, Is64bit: 1, IsPro: 0

 COMMAND LINE ARGUMENTS:
C:\Program Files\Unity\Hub\Editor\2020.2.1f1\Editor\Unity.exe
-adb2
-batchMode
-noUpm
-name
AssetImportWorker0
-projectPath
C:/Users/user/Documents/GitHub/Bliss-Through-The-Forest
-logFile
Logs/AssetImportWorker0.log
-srvPort
52134
Successfully changed project path to: C:/Users/user/Documents/GitHub/Bliss-Through-The-Forest
C:/Users/user/Documents/GitHub/Bliss-Through-The-Forest
Using Asset Import Pipeline V2.
Refreshing native plugins compatible for Editor in 38.81 ms, found 0 plugins.
Preloading 0 native plugins for Editor in 0.00 ms.
Initialize engine version: 2020.2.1f1 (270dd8c3da1c)
[Subsystems] Discovering subsystems at path C:/Program Files/Unity/Hub/Editor/2020.2.1f1/Editor/Data/Resources/UnitySubsystems
[Subsystems] Discovering subsystems at path C:/Users/user/Documents/GitHub/Bliss-Through-The-Forest/Assets
GfxDevice: creating device client; threaded=0
Direct3D:
    Version:  Direct3D 11.0 [level 11.1]
    Renderer: AMD Radeon(TM) 530 (ID=0x6900)
    Vendor:   
    VRAM:     4087 MB
    Driver:   26.20.12026.2001
Initialize mono
Mono path[0] = 'C:/Program Files/Unity/Hub/Editor/2020.2.1f1/Editor/Data/Managed'
Mono path[1] = 'C:/Program Files/Unity/Hub/Editor/2020.2.1f1/Editor/Data/MonoBleedingEdge/lib/mono/unityjit'
Mono config path = 'C:/Program Files/Unity/Hub/Editor/2020.2.1f1/Editor/Data/MonoBleedingEdge/etc'
Using monoOptions --debugger-agent=transport=dt_socket,embedding=1,server=y,suspend=n,address=127.0.0.1:56256
Begin MonoManager ReloadAssembly
Registering precompiled unity dll's ...
Register platform support module: C:/Program Files/Unity/Hub/Editor/2020.2.1f1/Editor/Data/PlaybackEngines/WindowsStandaloneSupport/UnityEditor.WindowsStandalone.Extensions.dll
Registered in 0.001965 seconds.
Native extension for WindowsStandalone target not found
Refreshing native plugins compatible for Editor in 34.51 ms, found 0 plugins.
Preloading 0 native plugins for Editor in 0.00 ms.
Unable to find bridge dll in registry for Microsoft Visual Studio Tools for Unity for C:\Program Files (x86)\Microsoft Visual Studio\2019\Community\Common7\IDE\devenv.exe
Invoked RoslynAnalysisRunner static constructor.
RoslynAnalysisRunner will not be running.
RoslynAnalysisRunner has terminated.
Mono: successfully reloaded assembly
- Completed reload, in  1.731 seconds
Platform modules already initialized, skipping
Registering precompiled user dll's ...
Registered in 0.000889 seconds.
Begin MonoManager ReloadAssembly
Native extension for WindowsStandalone target not found
Refreshing native plugins compatible for Editor in 0.57 ms, found 0 plugins.
Preloading 0 native plugins for Editor in 0.00 ms.
Invoked RoslynAnalysisRunner static constructor.
RoslynAnalysisRunner will not be running.
RoslynAnalysisRunner has terminated.
Mono: successfully reloaded assembly
- Completed reload, in  1.647 seconds
Platform modules already initialized, skipping
========================================================================
Worker process is ready to serve import requests
Launched and connected shader compiler UnityShaderCompiler.exe after 0.06 seconds
Refreshing native plugins compatible for Editor in 0.61 ms, found 0 plugins.
Preloading 0 native plugins for Editor in 0.00 ms.
Unloading 1217 Unused Serialized files (Serialized files now loaded: 0)
System memory in use before: 70.6 MB.
System memory in use after: 70.3 MB.

Unloading 11 unused Assets to reduce memory usage. Loaded Objects now: 1664.
Total: 3.397800 ms (FindLiveObjects: 0.280000 ms CreateObjectMapping: 0.186500 ms MarkObjects: 2.373000 ms  DeleteObjects: 0.556300 ms)

========================================================================
Received Import Request.
  path: Assets/TextMesh Pro/Resources/Fonts & Materials/LiberationSans SDF - Outline.mat
  artifactKey: Guid(79459efec17a4d00a321bdcc27bbc385) Importer(815301076,1909f56bfc062723c751e8b465ee728b)
Start importing Assets/TextMesh Pro/Resources/Fonts & Materials/LiberationSans SDF - Outline.mat using Guid(79459efec17a4d00a321bdcc27bbc385) Importer(815301076,1909f56bfc062723c751e8b465ee728b)  -> (artifact id: '97fab1def0b15aeff0ad93e19ff1d2cd') in 0.942414 seconds
  Import took 0.945372 seconds .

========================================================================
Received Import Request.
  Time since last request: 0.000309 seconds.
  path: Assets/TextMesh Pro/Resources/Fonts & Materials/LiberationSans SDF - Fallback.asset
  artifactKey: Guid(2e498d1c8094910479dc3e1b768306a4) Importer(815301076,1909f56bfc062723c751e8b465ee728b)
Start importing Assets/TextMesh Pro/Resources/Fonts & Materials/LiberationSans SDF - Fallback.asset using Guid(2e498d1c8094910479dc3e1b768306a4) Importer(815301076,1909f56bfc062723c751e8b465ee728b)  -> (artifact id: 'ed693fef76505e9c14cbdff2b8dced35') in 0.211154 seconds
  Import took 0.214882 seconds .

========================================================================
Received Import Request.
  Time since last request: 0.000623 seconds.
  path: Assets/TextMesh Pro/Resources/Fonts & Materials/LiberationSans SDF - Drop Shadow.mat
  artifactKey: Guid(e73a58f6e2794ae7b1b7e50b7fb811b0) Importer(815301076,1909f56bfc062723c751e8b465ee728b)
Start importing Assets/TextMesh Pro/Resources/Fonts & Materials/LiberationSans SDF - Drop Shadow.mat using Guid(e73a58f6e2794ae7b1b7e50b7fb811b0) Importer(815301076,1909f56bfc062723c751e8b465ee728b)  -> (artifact id: '8a425a717f8e73d10ce17707646e355b') in 0.052098 seconds
  Import took 0.055762 seconds .

========================================================================
Received Import Request.
  Time since last request: 0.000430 seconds.
  path: Assets/TextMesh Pro/Resources/Fonts & Materials/LiberationSans SDF.asset
  artifactKey: Guid(8f586378b4e144a9851e7b34d9b748ee) Importer(815301076,1909f56bfc062723c751e8b465ee728b)
Start importing Assets/TextMesh Pro/Resources/Fonts & Materials/LiberationSans SDF.asset using Guid(8f586378b4e144a9851e7b34d9b748ee) Importer(815301076,1909f56bfc062723c751e8b465ee728b)  -> (artifact id: 'ec7a31a6262d452152e67a388b3680be') in 0.045798 seconds
  Import took 0.048049 seconds .

========================================================================
Received Import Request.
  Time since last request: 466.209873 seconds.
  path: Assets/TextMesh Pro/Resources/Fonts & Materials/LiberationSans SDF - Fallback.asset
  artifactKey: Guid(2e498d1c8094910479dc3e1b768306a4) Importer(815301076,1909f56bfc062723c751e8b465ee728b)
Start importing Assets/TextMesh Pro/Resources/Fonts & Materials/LiberationSans SDF - Fallback.asset using Guid(2e498d1c8094910479dc3e1b768306a4) Importer(815301076,1909f56bfc062723c751e8b465ee728b)  -> (artifact id: '99dac12e7d9bc4fb14a1d975cbf648cc') in 0.041422 seconds
  Import took 0.044912 seconds .

========================================================================
Received Import Request.
  Time since last request: 58.687655 seconds.
  path: Assets/Scenes/testScene.unity
  artifactKey: Guid(e38caf108603c094ab97de428b92f6ec) Importer(815301076,1909f56bfc062723c751e8b465ee728b)
Start importing Assets/Scenes/testScene.unity using Guid(e38caf108603c094ab97de428b92f6ec) Importer(815301076,1909f56bfc062723c751e8b465ee728b)  -> (artifact id: '07afc1696456c9a25e7b7cc9f5dc08cb') in 0.009096 seconds
  Import took 0.015382 seconds .

========================================================================
Received Import Request.
  Time since last request: 9.738913 seconds.
  path: Assets/Scenes/GameScene
  artifactKey: Guid(93f37759c9e483643bdedfcad3093d5f) Importer(815301076,1909f56bfc062723c751e8b465ee728b)
Start importing Assets/Scenes/GameScene using Guid(93f37759c9e483643bdedfcad3093d5f) Importer(815301076,1909f56bfc062723c751e8b465ee728b)  -> (artifact id: '07bea81d8f03074feba1507e9821d487') in 0.032905 seconds
  Import took 0.038035 seconds .

========================================================================
Received Import Request.
  Time since last request: 13.906240 seconds.
  path: Assets/Scenes/SampleScene.unity
  artifactKey: Guid(9fc0d4010bbf28b4594072e72b8655ab) Importer(815301076,1909f56bfc062723c751e8b465ee728b)
Start importing Assets/Scenes/SampleScene.unity using Guid(9fc0d4010bbf28b4594072e72b8655ab) Importer(815301076,1909f56bfc062723c751e8b465ee728b)  -> (artifact id: '72fe813d984509e7d6568c6a8d83e483') in 0.009952 seconds
  Import took 0.012413 seconds .

========================================================================
Received Import Request.
  Time since last request: 68.417956 seconds.
  path: Assets/Fire_Pit_2 (1).3ds
  artifactKey: Guid(3d39293981e0f7d419e4bcd9d9a6c114) Importer(815301076,1909f56bfc062723c751e8b465ee728b)
Start importing Assets/Fire_Pit_2 (1).3ds using Guid(3d39293981e0f7d419e4bcd9d9a6c114) Importer(815301076,1909f56bfc062723c751e8b465ee728b)  -> (artifact id: '66bc4f3b02be91b5ab21542c31ce2f04') in 0.222929 seconds
  Import took 0.235311 seconds .

========================================================================
Received Import Request.
  Time since last request: 0.000339 seconds.
  path: Assets/Fire_Pit_2.3ds
  artifactKey: Guid(bae273cbb434dc440a47b43b6981012a) Importer(815301076,1909f56bfc062723c751e8b465ee728b)
Start importing Assets/Fire_Pit_2.3ds using Guid(bae273cbb434dc440a47b43b6981012a) Importer(815301076,1909f56bfc062723c751e8b465ee728b)  -> (artifact id: 'd52df0f687946de30099fbbe9fb1266c') in 0.092728 seconds
  Import took 0.095089 seconds .

========================================================================
Received Import Request.
  Time since last request: 5.702975 seconds.
  path: Assets/INTRO.unity
  artifactKey: Guid(6b4b78e04b520e2459e0d46efdf3f79f) Importer(815301076,1909f56bfc062723c751e8b465ee728b)
Start importing Assets/INTRO.unity using Guid(6b4b78e04b520e2459e0d46efdf3f79f) Importer(815301076,1909f56bfc062723c751e8b465ee728b)  -> (artifact id: '08d6f5ac4aafceeae6d82fcab13bc78d') in 0.010640 seconds
  Import took 0.013673 seconds .

========================================================================
Received Import Request.
  Time since last request: 119.475121 seconds.
  path: Assets/INTRO.unity
  artifactKey: Guid(6b4b78e04b520e2459e0d46efdf3f79f) Importer(815301076,1909f56bfc062723c751e8b465ee728b)
Start importing Assets/INTRO.unity using Guid(6b4b78e04b520e2459e0d46efdf3f79f) Importer(815301076,1909f56bfc062723c751e8b465ee728b)  -> (artifact id: 'ef43fce48a75f48d82f3486ac69650b6') in 0.004158 seconds
  Import took 0.008809 seconds .

========================================================================
Received Import Request.
  Time since last request: 387.890741 seconds.
  path: Assets/Textures/Background.png
  artifactKey: Guid(c84e2ea927844b64283a486d8db4dd04) Importer(815301076,1909f56bfc062723c751e8b465ee728b)
Start importing Assets/Textures/Background.png using Guid(c84e2ea927844b64283a486d8db4dd04) Importer(815301076,1909f56bfc062723c751e8b465ee728b)  -> (artifact id: 'c43b84ea1d48fdeb9728c853a2737008') in 0.125086 seconds
  Import took 0.147507 seconds .

========================================================================
Received Import Request.
  Time since last request: 0.000332 seconds.
  path: Assets/Textures/text-bubble.png
  artifactKey: Guid(afe68fbf06b916c41822421a43e9ecd1) Importer(815301076,1909f56bfc062723c751e8b465ee728b)
Start importing Assets/Textures/text-bubble.png using Guid(afe68fbf06b916c41822421a43e9ecd1) Importer(815301076,1909f56bfc062723c751e8b465ee728b)  -> (artifact id: 'c8679887e6237c73b342257baae0da53') in 0.186499 seconds
  Import took 0.188576 seconds .

========================================================================
Received Import Request.
  Time since last request: 0.000318 seconds.
  path: Assets/Textures/Star-Full.png
  artifactKey: Guid(9e17dd50404722647bc34697bba6b71b) Importer(815301076,1909f56bfc062723c751e8b465ee728b)
Start importing Assets/Textures/Star-Full.png using Guid(9e17dd50404722647bc34697bba6b71b) Importer(815301076,1909f56bfc062723c751e8b465ee728b)  -> (artifact id: 'd0c3f34fc6972742fc7e20ec20248483') in 0.143225 seconds
  Import took 0.145272 seconds .

========================================================================
Received Import Request.
  Time since last request: 0.000329 seconds.
  path: Assets/Textures/Star-Empty.png
  artifactKey: Guid(4ff009370430ba6459adde837c0fe724) Importer(815301076,1909f56bfc062723c751e8b465ee728b)
Start importing Assets/Textures/Star-Empty.png using Guid(4ff009370430ba6459adde837c0fe724) Importer(815301076,1909f56bfc062723c751e8b465ee728b)  -> (artifact id: 'a39190d1333398dd94729f8d7efa7183') in 0.053781 seconds
  Import took 0.055770 seconds .

========================================================================
Received Import Request.
  Time since last request: 28.000092 seconds.
  path: Assets/Textures/wizard.png
  artifactKey: Guid(026962f3f83cff34dab01989030f1ecb) Importer(815301076,1909f56bfc062723c751e8b465ee728b)
Start importing Assets/Textures/wizard.png using Guid(026962f3f83cff34dab01989030f1ecb) Importer(815301076,1909f56bfc062723c751e8b465ee728b)  -> (artifact id: 'ec6e156acaf50e5d607526d0062b7fe9') in 0.019770 seconds
  Import took 0.022341 seconds .

========================================================================
Received Import Request.
  Time since last request: 173.339139 seconds.
  path: Assets/Textures/wizard.png
  artifactKey: Guid(026962f3f83cff34dab01989030f1ecb) Importer(815301076,1909f56bfc062723c751e8b465ee728b)
Start importing Assets/Textures/wizard.png using Guid(026962f3f83cff34dab01989030f1ecb) Importer(815301076,1909f56bfc062723c751e8b465ee728b)  -> (artifact id: 'b46a1c7786a4a022e2e62abf729a44c4') in 0.018975 seconds
  Import took 0.021990 seconds .

========================================================================
Received Prepare
Registering precompiled user dll's ...
Registered in 0.001985 seconds.
Begin MonoManager ReloadAssembly
Native extension for WindowsStandalone target not found
Refreshing native plugins compatible for Editor in 0.60 ms, found 0 plugins.
Preloading 0 native plugins for Editor in 0.00 ms.
Invoked RoslynAnalysisRunner static constructor.
RoslynAnalysisRunner will not be running.
RoslynAnalysisRunner has terminated.
Mono: successfully reloaded assembly
- Completed reload, in  1.638 seconds
Platform modules already initialized, skipping
Refreshing native plugins compatible for Editor in 0.78 ms, found 0 plugins.
Preloading 0 native plugins for Editor in 0.00 ms.
Unloading 1179 Unused Serialized files (Serialized files now loaded: 0)
System memory in use before: 72.3 MB.
System memory in use after: 72.1 MB.

Unloading 6 unused Assets to reduce memory usage. Loaded Objects now: 1719.
Total: 4.557100 ms (FindLiveObjects: 0.552000 ms CreateObjectMapping: 0.124200 ms MarkObjects: 3.325100 ms  DeleteObjects: 0.550800 ms)

